The system is: Windows - 10.0.22621 - AMD64
Compiling the CXX compiler identification source file "CMakeCXXCompilerId.cpp" succeeded.
Compiler: C:/Qt/Tools/mingw1120_64/bin/g++.exe 
Build flags: -DQT_QML_DEBUG
Id flags:  

The output was:
0


Compilation of the CXX compiler identification source "CMakeCXXCompilerId.cpp" produced "a.exe"

The CXX compiler identification is GNU, found in "C:/Users/norma/OneDrive/Documents/QTQMLProjects/PositionersLayoutsXYAnchors/CMakeFiles/3.24.2/CompilerIdCXX/a.exe"

Determining if the CXX compiler works passed with the following output:
Change Dir: C:/Users/norma/OneDrive/Documents/QTQMLProjects/PositionersLayoutsXYAnchors/CMakeFiles/CMakeTmp

Run Build Command(s):C:/Qt/Tools/Ninja/ninja.exe cmTC_46aaf && [1/2] Building CXX object CMakeFiles/cmTC_46aaf.dir/testCXXCompiler.cxx.obj
[2/2] Linking CXX executable cmTC_46aaf.exe



Performing C++ SOURCE FILE Test CMAKE_HAVE_LIBC_PTHREAD succeeded with the following output:
Change Dir: C:/Users/norma/OneDrive/Documents/QTQMLProjects/PositionersLayoutsXYAnchors/CMakeFiles/CMakeTmp

Run Build Command(s):C:/Qt/Tools/Ninja/ninja.exe cmTC_09baf && [1/2] Building CXX object CMakeFiles/cmTC_09baf.dir/src.cxx.obj
[2/2] Linking CXX executable cmTC_09baf.exe


Source file was:
#include <pthread.h>

static void* test_func(void* data)
{
  return data;
}

int main(void)
{
  pthread_t thread;
  pthread_create(&thread, NULL, test_func, NULL);
  pthread_detach(thread);
  pthread_cancel(thread);
  pthread_join(thread, NULL);
  pthread_atfork(NULL, NULL, NULL);
  pthread_exit(NULL);

  return 0;
}

Performing C++ SOURCE FILE Test HAVE_STDATOMIC succeeded with the following output:
Change Dir: C:/Users/norma/OneDrive/Documents/QTQMLProjects/PositionersLayoutsXYAnchors/CMakeFiles/CMakeTmp

Run Build Command(s):C:/Qt/Tools/Ninja/ninja.exe cmTC_58088 && [1/2] Building CXX object CMakeFiles/cmTC_58088.dir/src.cxx.obj
[2/2] Linking CXX executable cmTC_58088.exe


Source file was:
#include <atomic>
#include <cstdint>

int main(int, char **)
{
    volatile std::atomic<char>    size_1;
    volatile std::atomic<short>   size_2;
    volatile std::atomic<int>     size_4;
    volatile std::atomic<int64_t> size_8;

    ++size_1;
    ++size_2;
    ++size_4;
    ++size_8;

    (void)size_1.load(std::memory_order_relaxed);
    (void)size_2.load(std::memory_order_relaxed);
    (void)size_4.load(std::memory_order_relaxed);
    (void)size_8.load(std::memory_order_relaxed);

    return 0;
}
